# JRE version: Java(TM) SE Runtime Environment (16.0.2+7) (build 16.0.2+7-67)
# Java VM: Java HotSpot(TM) 64-Bit Server VM (16.0.2+7-67, mixed mode, sharing, tiered, compressed oops, compressed class ptrs, g1 gc, windows-amd64)
GC Precious Log:
 CPUs: 16 total, 16 available
 Memory: 32698M
 Large Page Support: Disabled
 NUMA Support: Disabled
 Compressed Oops: Enabled (Zero based)
 Heap Region Size: 4M
 Heap Min Capacity: 8M
 Heap Initial Capacity: 512M
 Heap Max Capacity: 8176M
 Pre-touch: Disabled
 Parallel Workers: 13
 Concurrent Workers: 3
 Concurrent Refinement Workers: 13
 Periodic GC: Disabled
Heap:
 garbage-first heap   total 1310720K, used 706648K [0x0000000601000000, 0x0000000800000000)
  region size 4096K, 86 young (352256K), 2 survivors (8192K)
 Metaspace       used 94592K, committed 96000K, reserved 1138688K
  class space    used 12815K, committed 13440K, reserved 1048576K
GC Heap History (20 events):
Event: 22.521 GC heap before
{Heap before GC invocations=65 (full 0):
 garbage-first heap   total 2551808K, used 1731903K [0x0000000601000000, 0x0000000800000000)
  region size 4096K, 373 young (1527808K), 5 survivors (20480K)
 Metaspace       used 62425K, committed 63488K, reserved 1105920K
  class space    used 8434K, committed 8896K, reserved 1048576K
}
Event: 22.531 GC heap after
{Heap after GC invocations=66 (full 0):
 garbage-first heap   total 2551808K, used 225289K [0x0000000601000000, 0x0000000800000000)
  region size 4096K, 5 young (20480K), 5 survivors (20480K)
 Metaspace       used 62425K, committed 63488K, reserved 1105920K
  class space    used 8434K, committed 8896K, reserved 1048576K
}
Event: 22.843 GC heap before
{Heap before GC invocations=66 (full 0):
 garbage-first heap   total 2551808K, used 1732617K [0x0000000601000000, 0x0000000800000000)
  region size 4096K, 373 young (1527808K), 5 survivors (20480K)
 Metaspace       used 62425K, committed 63488K, reserved 1105920K
  class space    used 8434K, committed 8896K, reserved 1048576K
}
Event: 22.852 GC heap after
{Heap after GC invocations=67 (full 0):
 garbage-first heap   total 2551808K, used 225758K [0x0000000601000000, 0x0000000800000000)
  region size 4096K, 5 young (20480K), 5 survivors (20480K)
 Metaspace       used 62425K, committed 63488K, reserved 1105920K
  class space    used 8434K, committed 8896K, reserved 1048576K
}
Event: 23.197 GC heap before
{Heap before GC invocations=67 (full 0):
 garbage-first heap   total 2551808K, used 1733086K [0x0000000601000000, 0x0000000800000000)
  region size 4096K, 373 young (1527808K), 5 survivors (20480K)
 Metaspace       used 62425K, committed 63488K, reserved 1105920K
  class space    used 8434K, committed 8896K, reserved 1048576K
}
Event: 23.206 GC heap after
{Heap after GC invocations=68 (full 0):
 garbage-first heap   total 2551808K, used 226009K [0x0000000601000000, 0x0000000800000000)
  region size 4096K, 5 young (20480K), 5 survivors (20480K)
 Metaspace       used 62425K, committed 63488K, reserved 1105920K
  class space    used 8434K, committed 8896K, reserved 1048576K
}
Event: 23.563 GC heap before
{Heap before GC invocations=68 (full 0):
 garbage-first heap   total 2551808K, used 1733337K [0x0000000601000000, 0x0000000800000000)
  region size 4096K, 373 young (1527808K), 5 survivors (20480K)
 Metaspace       used 62425K, committed 63488K, reserved 1105920K
  class space    used 8434K, committed 8896K, reserved 1048576K
}
Event: 23.573 GC heap after
{Heap after GC invocations=69 (full 0):
 garbage-first heap   total 2551808K, used 227554K [0x0000000601000000, 0x0000000800000000)
  region size 4096K, 5 young (20480K), 5 survivors (20480K)
 Metaspace       used 62425K, committed 63488K, reserved 1105920K
  class space    used 8434K, committed 8896K, reserved 1048576K
}
Event: 23.970 GC heap before
{Heap before GC invocations=69 (full 0):
 garbage-first heap   total 2551808K, used 1734882K [0x0000000601000000, 0x0000000800000000)
  region size 4096K, 373 young (1527808K), 5 survivors (20480K)
 Metaspace       used 62425K, committed 63488K, reserved 1105920K
  class space    used 8434K, committed 8896K, reserved 1048576K
}
Event: 23.979 GC heap after
{Heap after GC invocations=70 (full 0):
 garbage-first heap   total 2551808K, used 228760K [0x0000000601000000, 0x0000000800000000)
  region size 4096K, 5 young (20480K), 5 survivors (20480K)
 Metaspace       used 62425K, committed 63488K, reserved 1105920K
  class space    used 8434K, committed 8896K, reserved 1048576K
}
Event: 38.476 GC heap before
{Heap before GC invocations=70 (full 0):
 garbage-first heap   total 2551808K, used 1736088K [0x0000000601000000, 0x0000000800000000)
  region size 4096K, 373 young (1527808K), 5 survivors (20480K)
 Metaspace       used 74376K, committed 75520K, reserved 1114112K
  class space    used 10180K, committed 10688K, reserved 1048576K
}
Event: 38.514 GC heap after
{Heap after GC invocations=71 (full 0):
 garbage-first heap   total 2551808K, used 261824K [0x0000000601000000, 0x0000000800000000)
  region size 4096K, 13 young (53248K), 13 survivors (53248K)
 Metaspace       used 74376K, committed 75520K, reserved 1114112K
  class space    used 10180K, committed 10688K, reserved 1048576K
}
Event: 48.010 GC heap before
{Heap before GC invocations=71 (full 0):
 garbage-first heap   total 2551808K, used 1736384K [0x0000000601000000, 0x0000000800000000)
  region size 4096K, 373 young (1527808K), 13 survivors (53248K)
 Metaspace       used 82683K, committed 83904K, reserved 1122304K
  class space    used 11417K, committed 11968K, reserved 1048576K
}
Event: 48.074 GC heap after
{Heap after GC invocations=72 (full 0):
 garbage-first heap   total 2551808K, used 316386K [0x0000000601000000, 0x0000000800000000)
  region size 4096K, 26 young (106496K), 26 survivors (106496K)
 Metaspace       used 82683K, committed 83904K, reserved 1122304K
  class space    used 11417K, committed 11968K, reserved 1048576K
}
Event: 54.540 GC heap before
{Heap before GC invocations=72 (full 0):
 garbage-first heap   total 2551808K, used 1119202K [0x0000000601000000, 0x0000000800000000)
  region size 4096K, 223 young (913408K), 26 survivors (106496K)
 Metaspace       used 90263K, committed 91456K, reserved 1130496K
  class space    used 12241K, committed 12800K, reserved 1048576K
}
Event: 54.615 GC heap after
{Heap after GC invocations=73 (full 0):
 garbage-first heap   total 2551808K, used 366914K [0x0000000601000000, 0x0000000800000000)
  region size 4096K, 36 young (147456K), 36 survivors (147456K)
 Metaspace       used 90263K, committed 91456K, reserved 1130496K
  class space    used 12241K, committed 12800K, reserved 1048576K
}
Event: 97.370 GC heap before
{Heap before GC invocations=74 (full 0):
 garbage-first heap   total 1310720K, used 1001794K [0x0000000601000000, 0x0000000800000000)
  region size 4096K, 192 young (786432K), 36 survivors (147456K)
 Metaspace       used 94498K, committed 95808K, reserved 1138688K
  class space    used 12799K, committed 13376K, reserved 1048576K
}
Event: 97.433 GC heap after
{Heap after GC invocations=75 (full 0):
 garbage-first heap   total 1310720K, used 380222K [0x0000000601000000, 0x0000000800000000)
  region size 4096K, 5 young (20480K), 5 survivors (20480K)
 Metaspace       used 94498K, committed 95808K, reserved 1138688K
  class space    used 12799K, committed 13376K, reserved 1048576K
}
Event: 144.069 GC heap before
{Heap before GC invocations=76 (full 0):
 garbage-first heap   total 1310720K, used 1101118K [0x0000000601000000, 0x0000000800000000)
  region size 4096K, 181 young (741376K), 5 survivors (20480K)
 Metaspace       used 94557K, committed 95936K, reserved 1138688K
  class space    used 12807K, committed 13440K, reserved 1048576K
}
Event: 144.075 GC heap after
{Heap after GC invocations=77 (full 0):
 garbage-first heap   total 1310720K, used 366680K [0x0000000601000000, 0x0000000800000000)
  region size 4096K, 2 young (8192K), 2 survivors (8192K)
 Metaspace       used 94557K, committed 95936K, reserved 1138688K
  class space    used 12807K, committed 13440K, reserved 1048576K
}

